<?xml version="1.0" encoding="UTF-8"?>
<testsuite xmlns:xsi="http://www.w3.org/2001/XMLSchema-instance" xsi:noNamespaceSchemaLocation="https://maven.apache.org/surefire/maven-surefire-plugin/xsd/surefire-test-report.xsd" version="3.0.2" name="tests.BunTest" time="0.21" tests="4" errors="0" skipped="0" failures="0">
  <properties>
[...]
</properties>
  <testcase name="getPriceShouldReturnCorrectValue" classname="tests.BunTest" time="0.055"/>
  <testcase name="getNameShouldReturnCorrectValue" classname="tests.BunTest" time="0.001"/>
  <testcase name="constructorShouldSetNameAndPriceCorrectly(String, float)[1]" classname="tests.BunTest" time="0.026"/>
  <testcase name="constructorShouldSetNameAndPriceCorrectly(String, float)[2]" classname="tests.BunTest" time="0.002"/>
</testsuite>